+--------+-------------------------------------------------+
| :bench | :measure                                        |
+--------+-------------------------------------------------+
| :upto  | +-------------------+----------+--------------+ |
|        | | :ruby             | :user    | :stddev_user | |
|        | +-------------------+----------+--------------+ |
|        | | ruby 1.9.3dev     | 0.000000 |     0.000000 | |
|        | | ruby 1.9.2p290    | 0.000000 |     0.000000 | |
|        | | rubinius 2.0.0dev | 0.000000 |     0.000000 | |
|        | | ruby 1.8.7        | 0.000000 |     0.000000 | |
|        | | jruby 1.6.3       | 0.003000 |     0.000000 | |
|        | | rubinius 1.2.5dev | 0.024002 |     0.000000 | |
|        | +-------------------+----------+--------------+ |
| :for   | +-------------------+----------+--------------+ |
|        | | :ruby             | :user    | :stddev_user | |
|        | +-------------------+----------+--------------+ |
|        | | rubinius 1.2.5dev | 0.000000 |     0.000000 | |
|        | | rubinius 2.0.0dev | 0.000000 |     0.000000 | |
|        | | ruby 1.8.7        | 0.000000 |     0.000000 | |
|        | | ruby 1.9.2p290    | 0.000000 |     0.000000 | |
|        | | ruby 1.9.3dev     | 0.000000 |     0.000000 | |
|        | | jruby 1.6.3       | 0.007000 |     0.000000 | |
|        | +-------------------+----------+--------------+ |
| :times | +-------------------+----------+--------------+ |
|        | | :ruby             | :user    | :stddev_user | |
|        | +-------------------+----------+--------------+ |
|        | | rubinius 1.2.5dev | 0.000000 |     0.000000 | |
|        | | rubinius 2.0.0dev | 0.000000 |     0.000000 | |
|        | | ruby 1.9.2p290    | 0.000000 |     0.000000 | |
|        | | ruby 1.9.3dev     | 0.000000 |     0.000000 | |
|        | | ruby 1.8.7        | 0.000000 |     0.000000 | |
|        | | jruby 1.6.3       | 0.004000 |     0.000000 | |
|        | +-------------------+----------+--------------+ |
+--------+-------------------------------------------------+
