+-------------------+---------------------------------------+
| :ruby             | :measure                              |
+-------------------+---------------------------------------+
| ruby 1.9.3dev     | +--------+----------+---------------+ |
|                   | | :bench | :total   | :stddev_total | |
|                   | +--------+----------+---------------+ |
|                   | | :upto  | 0.000000 |      0.000000 | |
|                   | | :times | 0.000000 |      0.000000 | |
|                   | | :for   | 0.000000 |      0.000000 | |
|                   | +--------+----------+---------------+ |
| rubinius 1.2.5dev | +--------+----------+---------------+ |
|                   | | :bench | :total   | :stddev_total | |
|                   | +--------+----------+---------------+ |
|                   | | :for   | 0.000000 |      0.000000 | |
|                   | | :times | 0.000000 |      0.000000 | |
|                   | | :upto  | 0.024002 |      0.000000 | |
|                   | +--------+----------+---------------+ |
| ruby 1.9.2p290    | +--------+----------+---------------+ |
|                   | | :bench | :total   | :stddev_total | |
|                   | +--------+----------+---------------+ |
|                   | | :upto  | 0.000000 |      0.000000 | |
|                   | | :times | 0.000000 |      0.000000 | |
|                   | | :for   | 0.000000 |      0.000000 | |
|                   | +--------+----------+---------------+ |
| rubinius 2.0.0dev | +--------+----------+---------------+ |
|                   | | :bench | :total   | :stddev_total | |
|                   | +--------+----------+---------------+ |
|                   | | :for   | 0.000000 |      0.000000 | |
|                   | | :times | 0.000000 |      0.000000 | |
|                   | | :upto  | 0.000000 |      0.000000 | |
|                   | +--------+----------+---------------+ |
| ruby 1.8.7        | +--------+----------+---------------+ |
|                   | | :bench | :total   | :stddev_total | |
|                   | +--------+----------+---------------+ |
|                   | | :times | 0.000000 |      0.000000 | |
|                   | | :upto  | 0.000000 |      0.000000 | |
|                   | | :for   | 0.000000 |      0.000000 | |
|                   | +--------+----------+---------------+ |
| jruby 1.6.3       | +--------+----------+---------------+ |
|                   | | :bench | :total   | :stddev_total | |
|                   | +--------+----------+---------------+ |
|                   | | :upto  | 0.003000 |      0.000000 | |
|                   | | :times | 0.004000 |      0.000000 | |
|                   | | :for   | 0.007000 |      0.000000 | |
|                   | +--------+----------+---------------+ |
+-------------------+---------------------------------------+
