+--------+-------------------------------------------------------+
| :bench | :measure                                              |
+--------+-------------------------------------------------------+
| :for   | +----------------+-------+---------+--------+-------+ |
|        | | :ruby          | :user | :system | :total | :real | |
|        | +----------------+-------+---------+--------+-------+ |
|        | | ruby 1.8.7     | 0.010 |   0.000 |  0.010 | 0.011 | |
|        | | ruby 1.9.2p136 | 0.010 |   0.000 |  0.010 | 0.008 | |
|        | +----------------+-------+---------+--------+-------+ |
| :times | +----------------+-------+---------+--------+-------+ |
|        | | :ruby          | :user | :system | :total | :real | |
|        | +----------------+-------+---------+--------+-------+ |
|        | | ruby 1.8.7     | 0.010 |   0.000 |  0.010 | 0.004 | |
|        | | ruby 1.9.2p136 | 0.010 |   0.000 |  0.010 | 0.007 | |
|        | +----------------+-------+---------+--------+-------+ |
| :upto  | +----------------+-------+---------+--------+-------+ |
|        | | :ruby          | :user | :system | :total | :real | |
|        | +----------------+-------+---------+--------+-------+ |
|        | | ruby 1.8.7     | 0.000 |   0.000 |  0.000 | 0.010 | |
|        | | ruby 1.9.2p136 | 0.000 |   0.000 |  0.000 | 0.004 | |
|        | +----------------+-------+---------+--------+-------+ |
+--------+-------------------------------------------------------+
