+-------------------+---------------------------------------------------------------------------+
| :ruby             | :measure                                                                  |
+-------------------+---------------------------------------------------------------------------+
| jruby 1.6.3       | +-------+---------------------------------------------------------------+ |
|                   | | :size | :measure                                                      | |
|                   | +-------+---------------------------------------------------------------+ |
|                   | |   100 | +---------------+----------+----------+----------+----------+ | |
|                   | |       | | :bench        | :user    | :system  | :total   | :real    | | |
|                   | |       | +---------------+----------+----------+----------+----------+ | |
|                   | |       | | :"Array#sort" | 0.002000 | 0.000000 | 0.002000 | 0.002000 | | |
|                   | |       | +---------------+----------+----------+----------+----------+ | |
|                   | |  1000 | +---------------+----------+----------+----------+----------+ | |
|                   | |       | | :bench        | :user    | :system  | :total   | :real    | | |
|                   | |       | +---------------+----------+----------+----------+----------+ | |
|                   | |       | | :"Array#sort" | 0.019000 | 0.000000 | 0.019000 | 0.020000 | | |
|                   | |       | +---------------+----------+----------+----------+----------+ | |
|                   | +-------+---------------------------------------------------------------+ |
| rubinius 1.2.5dev | +-------+---------------------------------------------------------------+ |
|                   | | :size | :measure                                                      | |
|                   | +-------+---------------------------------------------------------------+ |
|                   | |   100 | +---------------+----------+----------+----------+----------+ | |
|                   | |       | | :bench        | :user    | :system  | :total   | :real    | | |
|                   | |       | +---------------+----------+----------+----------+----------+ | |
|                   | |       | | :"Array#sort" | 0.000000 | 0.000000 | 0.000000 | 0.000399 | | |
|                   | |       | +---------------+----------+----------+----------+----------+ | |
|                   | |  1000 | +---------------+----------+----------+----------+----------+ | |
|                   | |       | | :bench        | :user    | :system  | :total   | :real    | | |
|                   | |       | +---------------+----------+----------+----------+----------+ | |
|                   | |       | | :"Array#sort" | 0.028002 | 0.000000 | 0.028002 | 0.042525 | | |
|                   | |       | +---------------+----------+----------+----------+----------+ | |
|                   | +-------+---------------------------------------------------------------+ |
| rubinius 2.0.0dev | +-------+---------------------------------------------------------------+ |
|                   | | :size | :measure                                                      | |
|                   | +-------+---------------------------------------------------------------+ |
|                   | |   100 | +---------------+----------+----------+----------+----------+ | |
|                   | |       | | :bench        | :user    | :system  | :total   | :real    | | |
|                   | |       | +---------------+----------+----------+----------+----------+ | |
|                   | |       | | :"Array#sort" | 0.000000 | 0.000000 | 0.000000 | 0.000385 | | |
|                   | |       | +---------------+----------+----------+----------+----------+ | |
|                   | |  1000 | +---------------+----------+----------+----------+----------+ | |
|                   | |       | | :bench        | :user    | :system  | :total   | :real    | | |
|                   | |       | +---------------+----------+----------+----------+----------+ | |
|                   | |       | | :"Array#sort" | 0.004000 | 0.000000 | 0.004000 | 0.005118 | | |
|                   | |       | +---------------+----------+----------+----------+----------+ | |
|                   | +-------+---------------------------------------------------------------+ |
| ruby 1.8.7        | +-------+---------------------------------------------------------------+ |
|                   | | :size | :measure                                                      | |
|                   | +-------+---------------------------------------------------------------+ |
|                   | |   100 | +---------------+----------+----------+----------+----------+ | |
|                   | |       | | :bench        | :user    | :system  | :total   | :real    | | |
|                   | |       | +---------------+----------+----------+----------+----------+ | |
|                   | |       | | :"Array#sort" | 0.000000 | 0.000000 | 0.000000 | 0.000082 | | |
|                   | |       | +---------------+----------+----------+----------+----------+ | |
|                   | |  1000 | +---------------+----------+----------+----------+----------+ | |
|                   | |       | | :bench        | :user    | :system  | :total   | :real    | | |
|                   | |       | +---------------+----------+----------+----------+----------+ | |
|                   | |       | | :"Array#sort" | 0.000000 | 0.000000 | 0.000000 | 0.001091 | | |
|                   | |       | +---------------+----------+----------+----------+----------+ | |
|                   | +-------+---------------------------------------------------------------+ |
| ruby 1.9.2p290    | +-------+---------------------------------------------------------------+ |
|                   | | :size | :measure                                                      | |
|                   | +-------+---------------------------------------------------------------+ |
|                   | |   100 | +---------------+----------+----------+----------+----------+ | |
|                   | |       | | :bench        | :user    | :system  | :total   | :real    | | |
|                   | |       | +---------------+----------+----------+----------+----------+ | |
|                   | |       | | :"Array#sort" | 0.000000 | 0.000000 | 0.000000 | 0.000080 | | |
|                   | |       | +---------------+----------+----------+----------+----------+ | |
|                   | |  1000 | +---------------+----------+----------+----------+----------+ | |
|                   | |       | | :bench        | :user    | :system  | :total   | :real    | | |
|                   | |       | +---------------+----------+----------+----------+----------+ | |
|                   | |       | | :"Array#sort" | 0.000000 | 0.000000 | 0.000000 | 0.001121 | | |
|                   | |       | +---------------+----------+----------+----------+----------+ | |
|                   | +-------+---------------------------------------------------------------+ |
| ruby 1.9.3dev     | +-------+---------------------------------------------------------------+ |
|                   | | :size | :measure                                                      | |
|                   | +-------+---------------------------------------------------------------+ |
|                   | |   100 | +---------------+----------+----------+----------+----------+ | |
|                   | |       | | :bench        | :user    | :system  | :total   | :real    | | |
|                   | |       | +---------------+----------+----------+----------+----------+ | |
|                   | |       | | :"Array#sort" | 0.000000 | 0.000000 | 0.000000 | 0.000084 | | |
|                   | |       | +---------------+----------+----------+----------+----------+ | |
|                   | |  1000 | +---------------+----------+----------+----------+----------+ | |
|                   | |       | | :bench        | :user    | :system  | :total   | :real    | | |
|                   | |       | +---------------+----------+----------+----------+----------+ | |
|                   | |       | | :"Array#sort" | 0.000000 | 0.000000 | 0.000000 | 0.001163 | | |
|                   | |       | +---------------+----------+----------+----------+----------+ | |
|                   | +-------+---------------------------------------------------------------+ |
+-------------------+---------------------------------------------------------------------------+
