+-------------------+--------+-----------------------------------------------+
| :ruby             | :bench | :tms                                          |
+-------------------+--------+-----------------------------------------------+
| jruby 1.6.3       | :for   |   0.007000   0.000000   0.007000 (  0.007000) |
| jruby 1.6.3       | :times |   0.004000   0.000000   0.004000 (  0.003000) |
| jruby 1.6.3       | :upto  |   0.003000   0.000000   0.003000 (  0.003000) |
| rubinius 2.0.0dev | :for   |   0.000000   0.000000   0.000000 (  0.000297) |
| rubinius 2.0.0dev | :times |   0.000000   0.000000   0.000000 (  0.000281) |
| rubinius 2.0.0dev | :upto  |   0.000000   0.000000   0.000000 (  0.000278) |
| ruby 1.8.7        | :for   |   0.000000   0.000000   0.000000 (  0.000230) |
| ruby 1.8.7        | :times |   0.000000   0.000000   0.000000 (  0.000233) |
| ruby 1.8.7        | :upto  |   0.000000   0.000000   0.000000 (  0.000273) |
| rubinius 1.2.5dev | :for   |   0.000000   0.000000   0.000000 (  0.000263) |
| rubinius 1.2.5dev | :times |   0.000000   0.000000   0.000000 (  0.000219) |
| rubinius 1.2.5dev | :upto  |   0.024002   0.000000   0.024002 (  0.036378) |
| ruby 1.9.3dev     | :for   |   0.000000   0.000000   0.000000 (  0.000192) |
| ruby 1.9.3dev     | :times |   0.000000   0.000000   0.000000 (  0.000180) |
| ruby 1.9.3dev     | :upto  |   0.000000   0.000000   0.000000 (  0.000161) |
| ruby 1.9.2p290    | :for   |   0.000000   0.000000   0.000000 (  0.000182) |
| ruby 1.9.2p290    | :times |   0.000000   0.000000   0.000000 (  0.000172) |
| ruby 1.9.2p290    | :upto  |   0.000000   0.000000   0.000000 (  0.000170) |
+-------------------+--------+-----------------------------------------------+
+-------------------+-------+---------------+-----------------------------------------------+
| :ruby             | :size | :bench        | :tms                                          |
+-------------------+-------+---------------+-----------------------------------------------+
| jruby 1.6.3       |   100 | :"Array#sort" |   0.002000   0.000000   0.002000 (  0.002000) |
| jruby 1.6.3       |  1000 | :"Array#sort" |   0.019000   0.000000   0.019000 (  0.020000) |
| rubinius 2.0.0dev |   100 | :"Array#sort" |   0.000000   0.000000   0.000000 (  0.000385) |
| rubinius 2.0.0dev |  1000 | :"Array#sort" |   0.004000   0.000000   0.004000 (  0.005118) |
| ruby 1.8.7        |   100 | :"Array#sort" |   0.000000   0.000000   0.000000 (  0.000082) |
| ruby 1.8.7        |  1000 | :"Array#sort" |   0.000000   0.000000   0.000000 (  0.001091) |
| rubinius 1.2.5dev |   100 | :"Array#sort" |   0.000000   0.000000   0.000000 (  0.000399) |
| rubinius 1.2.5dev |  1000 | :"Array#sort" |   0.028002   0.000000   0.028002 (  0.042525) |
| ruby 1.9.3dev     |   100 | :"Array#sort" |   0.000000   0.000000   0.000000 (  0.000084) |
| ruby 1.9.3dev     |  1000 | :"Array#sort" |   0.000000   0.000000   0.000000 (  0.001163) |
| ruby 1.9.2p290    |   100 | :"Array#sort" |   0.000000   0.000000   0.000000 (  0.000080) |
| ruby 1.9.2p290    |  1000 | :"Array#sort" |   0.000000   0.000000   0.000000 (  0.001121) |
+-------------------+-------+---------------+-----------------------------------------------+
