+------------------+-------------------------------------------+
| :name            | :suite                                    |
+------------------+-------------------------------------------+
| .                | +---------------------------------------+ |
|                  | | :path                                 | |
|                  | +---------------------------------------+ |
|                  | | spec/fixtures/bdb/Array/bench_sort.rb | |
|                  | | spec/fixtures/bdb/bench_iteration.rb  | |
|                  | +---------------------------------------+ |
| Array            | +---------------------------------------+ |
|                  | | :path                                 | |
|                  | +---------------------------------------+ |
|                  | | spec/fixtures/bdb/Array/bench_sort.rb | |
|                  | +---------------------------------------+ |
| Array/bench_sort | +---------------------------------------+ |
|                  | | :path                                 | |
|                  | +---------------------------------------+ |
|                  | | spec/fixtures/bdb/Array/bench_sort.rb | |
|                  | +---------------------------------------+ |
| bench_iteration  | +--------------------------------------+  |
|                  | | :path                                |  |
|                  | +--------------------------------------+  |
|                  | | spec/fixtures/bdb/bench_iteration.rb |  |
|                  | +--------------------------------------+  |
+------------------+-------------------------------------------+
