
viiite - Benchmark ruby scripts the easy way

SYNOPSIS
  viiite [--version] [--help] COMMAND [cmd opts] ARGS...

OPTIONS
  -Idirectory                      specify $LOAD_PATH directory (may be used more than once)
  -rlibrary                        require the library, before executing viiite
      --suite=FOLDER               Specify the folder of the benchmark suite (defaults to 'benchmarks')
      --pattern=GLOB               Specify the pattern to find benchmarks in the suite folder (defaults to '**/*.rb')
      --cache=FOLDER               Specify the cache folder
      --no-cache                   Disable the cache
      --help                       Show help
      --version                    Show version

COMMANDS
  help        Show help about a specific command
  dump        Dump a relation from the benchmark database
  run         Run a benchmark and output raw data
  compare     Compare benchmarking results easily
  plot        Report benchmarking results as a plot

DESCRIPTION
  This command helps you benchmarking ruby applications and manipulating
  benchmark results very simply.

See 'viiite help COMMAND' for more information on a specific command.

SystemExit
